2025-02-21 10:25:50 - Commencing graceful shutdown. Waiting for active requests to complete
2025-02-21 10:25:50 - Graceful shutdown complete
2025-02-21 10:25:50 - Closing JPA EntityManagerFactory for persistence unit 'default'
2025-02-21 10:29:41 - Bootstrapping Spring Data JPA repositories in DEFAULT mode.
2025-02-21 10:29:41 - Finished Spring Data repository scanning in 30 ms. Found 9 JPA repository interfaces.
2025-02-21 10:29:41 - The Apache Tomcat Native library could not be found using names [tcnative-2, libtcnative-2, tcnative-1, libtcnative-1] on the java.library.path [/Users/Manpreet.Kaur/Library/Java/Extensions:/Library/Java/Extensions:/Network/Library/Java/Extensions:/System/Library/Java/Extensions:/usr/lib/java:.]. The errors reported were [Can't load library: /Users/Manpreet.Kaur/Source/SpringBoot-Project/maka-boca-active-life-ca/active-life/bin/libtcnative-2.dylib, Can't load library: /Users/Manpreet.Kaur/Source/SpringBoot-Project/maka-boca-active-life-ca/active-life/bin/liblibtcnative-2.dylib, Can't load library: /Users/Manpreet.Kaur/Source/SpringBoot-Project/maka-boca-active-life-ca/active-life/bin/libtcnative-1.dylib, Can't load library: /Users/Manpreet.Kaur/Source/SpringBoot-Project/maka-boca-active-life-ca/active-life/bin/liblibtcnative-1.dylib, no tcnative-2 in java.library.path: /Users/Manpreet.Kaur/Library/Java/Extensions:/Library/Java/Extensions:/Network/Library/Java/Extensions:/System/Library/Java/Extensions:/usr/lib/java:., no libtcnative-2 in java.library.path: /Users/Manpreet.Kaur/Library/Java/Extensions:/Library/Java/Extensions:/Network/Library/Java/Extensions:/System/Library/Java/Extensions:/usr/lib/java:., no tcnative-1 in java.library.path: /Users/Manpreet.Kaur/Library/Java/Extensions:/Library/Java/Extensions:/Network/Library/Java/Extensions:/System/Library/Java/Extensions:/usr/lib/java:., no libtcnative-1 in java.library.path: /Users/Manpreet.Kaur/Library/Java/Extensions:/Library/Java/Extensions:/Network/Library/Java/Extensions:/System/Library/Java/Extensions:/usr/lib/java:.]
org.apache.tomcat.jni.LibraryNotFoundError: Can't load library: /Users/Manpreet.Kaur/Source/SpringBoot-Project/maka-boca-active-life-ca/active-life/bin/libtcnative-2.dylib, Can't load library: /Users/Manpreet.Kaur/Source/SpringBoot-Project/maka-boca-active-life-ca/active-life/bin/liblibtcnative-2.dylib, Can't load library: /Users/Manpreet.Kaur/Source/SpringBoot-Project/maka-boca-active-life-ca/active-life/bin/libtcnative-1.dylib, Can't load library: /Users/Manpreet.Kaur/Source/SpringBoot-Project/maka-boca-active-life-ca/active-life/bin/liblibtcnative-1.dylib, no tcnative-2 in java.library.path: /Users/Manpreet.Kaur/Library/Java/Extensions:/Library/Java/Extensions:/Network/Library/Java/Extensions:/System/Library/Java/Extensions:/usr/lib/java:., no libtcnative-2 in java.library.path: /Users/Manpreet.Kaur/Library/Java/Extensions:/Library/Java/Extensions:/Network/Library/Java/Extensions:/System/Library/Java/Extensions:/usr/lib/java:., no tcnative-1 in java.library.path: /Users/Manpreet.Kaur/Library/Java/Extensions:/Library/Java/Extensions:/Network/Library/Java/Extensions:/System/Library/Java/Extensions:/usr/lib/java:., no libtcnative-1 in java.library.path: /Users/Manpreet.Kaur/Library/Java/Extensions:/Library/Java/Extensions:/Network/Library/Java/Extensions:/System/Library/Java/Extensions:/usr/lib/java:.
	at org.apache.tomcat.jni.Library.<init>(Library.java:91)
	at org.apache.tomcat.jni.Library.initialize(Library.java:147)
	at org.apache.catalina.core.AprLifecycleListener.init(AprLifecycleListener.java:211)
	at org.apache.catalina.core.AprLifecycleListener.isAprAvailable(AprLifecycleListener.java:113)
	at org.springframework.boot.web.embedded.tomcat.TomcatServletWebServerFactory.getDefaultServerLifecycleListeners(TomcatServletWebServerFactory.java:191)
	at org.springframework.boot.web.embedded.tomcat.TomcatServletWebServerFactory.<init>(TomcatServletWebServerFactory.java:138)
	at org.springframework.boot.autoconfigure.web.servlet.ServletWebServerFactoryConfiguration$EmbeddedTomcat.tomcatServletWebServerFactory(ServletWebServerFactoryConfiguration.java:73)
	at java.base/jdk.internal.reflect.NativeMethodAccessorImpl.invoke0(Native Method)
	at java.base/jdk.internal.reflect.NativeMethodAccessorImpl.invoke(NativeMethodAccessorImpl.java:77)
	at java.base/jdk.internal.reflect.DelegatingMethodAccessorImpl.invoke(DelegatingMethodAccessorImpl.java:43)
	at java.base/java.lang.reflect.Method.invoke(Method.java:569)
	at org.springframework.beans.factory.support.SimpleInstantiationStrategy.lambda$instantiate$0(SimpleInstantiationStrategy.java:171)
	at org.springframework.beans.factory.support.SimpleInstantiationStrategy.instantiateWithFactoryMethod(SimpleInstantiationStrategy.java:88)
	at org.springframework.beans.factory.support.SimpleInstantiationStrategy.instantiate(SimpleInstantiationStrategy.java:168)
	at org.springframework.beans.factory.support.ConstructorResolver.instantiate(ConstructorResolver.java:653)
	at org.springframework.beans.factory.support.ConstructorResolver.instantiateUsingFactoryMethod(ConstructorResolver.java:645)
	at org.springframework.beans.factory.support.AbstractAutowireCapableBeanFactory.instantiateUsingFactoryMethod(AbstractAutowireCapableBeanFactory.java:1361)
	at org.springframework.beans.factory.support.AbstractAutowireCapableBeanFactory.createBeanInstance(AbstractAutowireCapableBeanFactory.java:1191)
	at org.springframework.beans.factory.support.AbstractAutowireCapableBeanFactory.doCreateBean(AbstractAutowireCapableBeanFactory.java:563)
	at org.springframework.beans.factory.support.AbstractAutowireCapableBeanFactory.createBean(AbstractAutowireCapableBeanFactory.java:523)
	at org.springframework.beans.factory.support.AbstractBeanFactory.lambda$doGetBean$0(AbstractBeanFactory.java:336)
	at org.springframework.beans.factory.support.DefaultSingletonBeanRegistry.getSingleton(DefaultSingletonBeanRegistry.java:307)
	at org.springframework.beans.factory.support.AbstractBeanFactory.doGetBean(AbstractBeanFactory.java:334)
	at org.springframework.beans.factory.support.AbstractBeanFactory.getBean(AbstractBeanFactory.java:204)
	at org.springframework.boot.web.servlet.context.ServletWebServerApplicationContext.getWebServerFactory(ServletWebServerApplicationContext.java:223)
	at org.springframework.boot.web.servlet.context.ServletWebServerApplicationContext.createWebServer(ServletWebServerApplicationContext.java:186)
	at org.springframework.boot.web.servlet.context.ServletWebServerApplicationContext.onRefresh(ServletWebServerApplicationContext.java:162)
	at org.springframework.context.support.AbstractApplicationContext.refresh(AbstractApplicationContext.java:621)
	at org.springframework.boot.web.servlet.context.ServletWebServerApplicationContext.refresh(ServletWebServerApplicationContext.java:146)
	at org.springframework.boot.SpringApplication.refresh(SpringApplication.java:752)
	at org.springframework.boot.SpringApplication.refreshContext(SpringApplication.java:439)
	at org.springframework.boot.SpringApplication.run(SpringApplication.java:318)
	at org.springframework.boot.SpringApplication.run(SpringApplication.java:1361)
	at org.springframework.boot.SpringApplication.run(SpringApplication.java:1350)
	at io.reactivestax.activelife.ActiveLifeApplication.main(ActiveLifeApplication.java:10)
2025-02-21 10:29:41 - Add container child [StandardHost[localhost]] to container [StandardEngine[Tomcat]]
2025-02-21 10:29:41 - Add container child [TomcatEmbeddedContext[]] to container [StandardEngine[Tomcat].StandardHost[localhost]]
2025-02-21 10:29:41 - Tomcat initialized with port 40015 (https)
2025-02-21 10:29:41 - Starting service [Tomcat]
2025-02-21 10:29:41 - Starting Servlet engine: [Apache Tomcat/10.1.34]
2025-02-21 10:29:41 - No manager found. Checking if cluster manager should be used. Cluster configured: [false], Application distributable: [false]
2025-02-21 10:29:41 - Configured a manager of class [org.apache.catalina.session.StandardManager]
2025-02-21 10:29:41 - Initializing Spring embedded WebApplicationContext
2025-02-21 10:29:41 - Root WebApplicationContext: initialization completed in 860 ms
2025-02-21 10:29:41 - Add container child [StandardWrapper[dispatcherServlet]] to container [StandardEngine[Tomcat].StandardHost[localhost].TomcatEmbeddedContext[]]
2025-02-21 10:29:41 - Filter 'webMvcObservationFilter' configured for use
2025-02-21 10:29:41 - No LoadTimeWeaver setup: ignoring JPA class transformer
2025-02-21 10:29:42 - Initialized JPA EntityManagerFactory for persistence unit 'default'
2025-02-21 10:29:43 - spring.jpa.open-in-view is enabled by default. Therefore, database queries may be performed during view rendering. Explicitly configure spring.jpa.open-in-view to disable this warning
2025-02-21 10:29:43 - 27 mappings in 'requestMappingHandlerMapping'
2025-02-21 10:29:43 - Patterns [/webjars/**, /**, /swagger-ui*/*swagger-initializer.js, /swagger-ui*/**] in 'resourceHandlerMapping'
2025-02-21 10:29:43 - ControllerAdvice beans: 0 @ModelAttribute, 0 @InitBinder, 1 RequestBodyAdvice, 1 ResponseBodyAdvice
2025-02-21 10:29:43 - ControllerAdvice beans: 2 @ExceptionHandler, 1 ResponseBodyAdvice
2025-02-21 10:29:43 - Global AuthenticationManager configured with UserDetailsService bean with name inMemoryUserDetailsManager
2025-02-21 10:29:43 - Exposing 1 endpoint beneath base path '/actuator'
2025-02-21 10:29:43 - The [protocols] that are active are : [[TLSv1, TLSv1.3, TLSv1.2, SSLv2Hello, TLSv1.1]]
2025-02-21 10:29:43 - Ciphers used: [TLS_ECDHE_ECDSA_WITH_AES_256_CCM,,TLS_ECDHE_RSA_WITH_AES_256_GCM_SHA384,,TLS_ECDHE_ECDSA_WITH_AES_256_GCM_SHA384,,TLS_ECDHE_RSA_WITH_AES_256_CBC_SHA384,,TLS_ECDHE_ECDSA_WITH_AES_256_CBC_SHA384,,TLS_ECDHE_RSA_WITH_AES_256_CBC_SHA,,TLS_ECDHE_ECDSA_WITH_AES_256_CBC_SHA,,TLS_DHE_PSK_WITH_AES_256_CCM,,TLS_DHE_RSA_WITH_AES_256_CCM,,TLS_ECDHE_PSK_WITH_AES_256_CBC_SHA384,,TLS_ECDHE_PSK_WITH_AES_256_CBC_SHA,,TLS_SRP_SHA_DSS_WITH_AES_256_CBC_SHA,,TLS_SRP_SHA_RSA_WITH_AES_256_CBC_SHA,,TLS_SRP_SHA_WITH_AES_256_CBC_SHA,,TLS_AES_256_GCM_SHA384,,TLS_RSA_PSK_WITH_AES_256_CBC_SHA384,,TLS_DHE_PSK_WITH_AES_256_CBC_SHA384,,TLS_RSA_PSK_WITH_AES_256_GCM_SHA384,,TLS_DHE_PSK_WITH_AES_256_GCM_SHA384,,TLS_DH_DSS_WITH_AES_256_GCM_SHA384,,TLS_DHE_DSS_WITH_AES_256_GCM_SHA384,,TLS_DH_RSA_WITH_AES_256_GCM_SHA384,,TLS_DHE_RSA_WITH_AES_256_GCM_SHA384,,TLS_RSA_PSK_WITH_AES_256_CBC_SHA,,TLS_DHE_PSK_WITH_AES_256_CBC_SHA,,TLS_DHE_RSA_WITH_AES_256_CBC_SHA256,,TLS_DHE_DSS_WITH_AES_256_CBC_SHA256,,TLS_DH_RSA_WITH_AES_256_CBC_SHA256,,TLS_DH_DSS_WITH_AES_256_CBC_SHA256,,TLS_DHE_RSA_WITH_AES_256_CBC_SHA,,TLS_DHE_DSS_WITH_AES_256_CBC_SHA,,TLS_DH_RSA_WITH_AES_256_CBC_SHA,,TLS_DH_DSS_WITH_AES_256_CBC_SHA,,TLS_ECDHE_ECDSA_WITH_CHACHA20_POLY1305_SHA256,,TLS_ECDHE_RSA_WITH_CHACHA20_POLY1305_SHA256,,TLS_ECDHE_RSA_WITH_CAMELLIA_256_CBC_SHA384,,TLS_ECDHE_ECDSA_WITH_CAMELLIA_256_CBC_SHA384,,TLS_ECDHE_RSA_WITH_ARIA_256_GCM_SHA384,,TLS_ECDHE_ECDSA_WITH_ARIA_256_GCM_SHA384,,TLS_RSA_PSK_WITH_CHACHA20_POLY1305_SHA256,,TLS_DHE_PSK_WITH_CHACHA20_POLY1305_SHA256,,TLS_ECDHE_PSK_WITH_CHACHA20_POLY1305_SHA256,,TLS_DHE_RSA_WITH_CHACHA20_POLY1305_SHA256,,TLS_ECDHE_PSK_WITH_CAMELLIA_256_CBC_SHA384,,TLS_RSA_PSK_WITH_CAMELLIA_256_CBC_SHA384,,TLS_DHE_PSK_WITH_CAMELLIA_256_CBC_SHA384,,TLS_RSA_PSK_WITH_ARIA_256_GCM_SHA384,,TLS_DHE_PSK_WITH_ARIA_256_GCM_SHA384,,TLS_DHE_DSS_WITH_ARIA_256_GCM_SHA384,,TLS_DHE_RSA_WITH_ARIA_256_GCM_SHA384,,TLS_CHACHA20_POLY1305_SHA256,,TLS_DHE_RSA_WITH_CAMELLIA_256_CBC_SHA256,,TLS_DHE_DSS_WITH_CAMELLIA_256_CBC_SHA256,,TLS_DH_RSA_WITH_CAMELLIA_256_CBC_SHA256,,TLS_DH_DSS_WITH_CAMELLIA_256_CBC_SHA256,,TLS_DHE_RSA_WITH_CAMELLIA_256_CBC_SHA,,TLS_DHE_DSS_WITH_CAMELLIA_256_CBC_SHA,,TLS_DH_RSA_WITH_CAMELLIA_256_CBC_SHA,,TLS_DH_DSS_WITH_CAMELLIA_256_CBC_SHA,,TLS_ECDH_RSA_WITH_AES_256_GCM_SHA384,,TLS_ECDH_ECDSA_WITH_AES_256_GCM_SHA384,,TLS_ECDH_RSA_WITH_AES_256_CBC_SHA384,,TLS_ECDH_ECDSA_WITH_AES_256_CBC_SHA384,,TLS_ECDH_RSA_WITH_AES_256_CBC_SHA,,TLS_ECDH_ECDSA_WITH_AES_256_CBC_SHA,,TLS_ECDH_RSA_WITH_CAMELLIA_256_CBC_SHA384,,TLS_ECDH_ECDSA_WITH_CAMELLIA_256_CBC_SHA384,,TLS_PSK_WITH_AES_256_CCM,,TLS_PSK_WITH_AES_256_CBC_SHA384,,TLS_PSK_WITH_AES_256_GCM_SHA384,,TLS_PSK_WITH_AES_256_CBC_SHA,,TLS_PSK_WITH_CHACHA20_POLY1305_SHA256,,TLS_PSK_WITH_CAMELLIA_256_CBC_SHA384,,TLS_PSK_WITH_ARIA_256_GCM_SHA384,,TLS_ECDHE_ECDSA_WITH_AES_128_CCM,,TLS_ECDHE_RSA_WITH_AES_128_GCM_SHA256,,TLS_ECDHE_ECDSA_WITH_AES_128_GCM_SHA256,,TLS_ECDHE_RSA_WITH_AES_128_CBC_SHA256,,TLS_ECDHE_ECDSA_WITH_AES_128_CBC_SHA256,,TLS_ECDHE_RSA_WITH_AES_128_CBC_SHA,,TLS_ECDHE_ECDSA_WITH_AES_128_CBC_SHA,,TLS_DHE_PSK_WITH_AES_128_CCM,,TLS_DHE_RSA_WITH_AES_128_CCM,,TLS_ECDHE_PSK_WITH_AES_128_CBC_SHA256,,TLS_ECDHE_PSK_WITH_AES_128_CBC_SHA,,TLS_SRP_SHA_DSS_WITH_AES_128_CBC_SHA,,TLS_SRP_SHA_RSA_WITH_AES_128_CBC_SHA,,TLS_SRP_SHA_WITH_AES_128_CBC_SHA,,TLS_AES_128_CCM_SHA256,,TLS_AES_128_GCM_SHA256,,TLS_RSA_PSK_WITH_AES_128_CBC_SHA256,,TLS_DHE_PSK_WITH_AES_128_CBC_SHA256,,TLS_RSA_PSK_WITH_AES_128_GCM_SHA256,,TLS_DHE_PSK_WITH_AES_128_GCM_SHA256,,TLS_DH_DSS_WITH_AES_128_GCM_SHA256,,TLS_DHE_DSS_WITH_AES_128_GCM_SHA256,,TLS_DH_RSA_WITH_AES_128_GCM_SHA256,,TLS_DHE_RSA_WITH_AES_128_GCM_SHA256,,TLS_RSA_PSK_WITH_AES_128_CBC_SHA,,TLS_DHE_PSK_WITH_AES_128_CBC_SHA,,TLS_DHE_RSA_WITH_AES_128_CBC_SHA256,,TLS_DHE_DSS_WITH_AES_128_CBC_SHA256,,TLS_DH_RSA_WITH_AES_128_CBC_SHA256,,TLS_DH_DSS_WITH_AES_128_CBC_SHA256,,TLS_DHE_RSA_WITH_AES_128_CBC_SHA,,TLS_DHE_DSS_WITH_AES_128_CBC_SHA,,TLS_DH_RSA_WITH_AES_128_CBC_SHA,,TLS_DH_DSS_WITH_AES_128_CBC_SHA,,TLS_ECDHE_RSA_WITH_CAMELLIA_128_CBC_SHA256,,TLS_ECDHE_ECDSA_WITH_CAMELLIA_128_CBC_SHA256,,TLS_ECDHE_RSA_WITH_ARIA_128_GCM_SHA256,,TLS_ECDHE_ECDSA_WITH_ARIA_128_GCM_SHA256,,TLS_ECDHE_PSK_WITH_CAMELLIA_128_CBC_SHA256,,TLS_RSA_PSK_WITH_CAMELLIA_128_CBC_SHA256,,TLS_DHE_PSK_WITH_CAMELLIA_128_CBC_SHA256,,TLS_RSA_PSK_WITH_ARIA_128_GCM_SHA256,,TLS_DHE_PSK_WITH_ARIA_128_GCM_SHA256,,TLS_DHE_DSS_WITH_ARIA_128_GCM_SHA256,,TLS_DHE_RSA_WITH_ARIA_128_GCM_SHA256,,TLS_DHE_RSA_WITH_CAMELLIA_128_CBC_SHA256,,TLS_DHE_DSS_WITH_CAMELLIA_128_CBC_SHA256,,TLS_DH_RSA_WITH_CAMELLIA_128_CBC_SHA256,,TLS_DH_DSS_WITH_CAMELLIA_128_CBC_SHA256,,TLS_DHE_RSA_WITH_CAMELLIA_128_CBC_SHA,,TLS_DHE_DSS_WITH_CAMELLIA_128_CBC_SHA,,TLS_DH_RSA_WITH_CAMELLIA_128_CBC_SHA,,TLS_DH_DSS_WITH_CAMELLIA_128_CBC_SHA,,TLS_ECDH_RSA_WITH_AES_128_GCM_SHA256,,TLS_ECDH_ECDSA_WITH_AES_128_GCM_SHA256,,TLS_ECDH_RSA_WITH_AES_128_CBC_SHA256,,TLS_ECDH_ECDSA_WITH_AES_128_CBC_SHA256,,TLS_ECDH_RSA_WITH_AES_128_CBC_SHA,,TLS_ECDH_ECDSA_WITH_AES_128_CBC_SHA,,TLS_ECDH_RSA_WITH_CAMELLIA_128_CBC_SHA256,,TLS_ECDH_ECDSA_WITH_CAMELLIA_128_CBC_SHA256,,TLS_PSK_WITH_AES_128_CCM,,TLS_PSK_WITH_AES_128_CBC_SHA256,,TLS_PSK_WITH_AES_128_GCM_SHA256,,TLS_PSK_WITH_AES_128_CBC_SHA,,TLS_PSK_WITH_CAMELLIA_128_CBC_SHA256,,TLS_PSK_WITH_ARIA_128_GCM_SHA256,]
2025-02-21 10:29:43 - The [ciphers] that are active are : [[TLS_ECDHE_RSA_WITH_AES_256_GCM_SHA384, TLS_ECDHE_ECDSA_WITH_AES_256_GCM_SHA384, TLS_ECDHE_RSA_WITH_AES_256_CBC_SHA384, TLS_ECDHE_ECDSA_WITH_AES_256_CBC_SHA384, TLS_ECDHE_RSA_WITH_AES_256_CBC_SHA, TLS_ECDHE_ECDSA_WITH_AES_256_CBC_SHA, TLS_AES_256_GCM_SHA384, TLS_DHE_DSS_WITH_AES_256_GCM_SHA384, TLS_DHE_RSA_WITH_AES_256_GCM_SHA384, TLS_DHE_RSA_WITH_AES_256_CBC_SHA256, TLS_DHE_DSS_WITH_AES_256_CBC_SHA256, TLS_DHE_RSA_WITH_AES_256_CBC_SHA, TLS_DHE_DSS_WITH_AES_256_CBC_SHA, TLS_ECDHE_ECDSA_WITH_CHACHA20_POLY1305_SHA256, TLS_ECDHE_RSA_WITH_CHACHA20_POLY1305_SHA256, TLS_DHE_RSA_WITH_CHACHA20_POLY1305_SHA256, TLS_CHACHA20_POLY1305_SHA256, TLS_ECDH_RSA_WITH_AES_256_GCM_SHA384, TLS_ECDH_ECDSA_WITH_AES_256_GCM_SHA384, TLS_ECDH_RSA_WITH_AES_256_CBC_SHA384, TLS_ECDH_ECDSA_WITH_AES_256_CBC_SHA384, TLS_ECDH_RSA_WITH_AES_256_CBC_SHA, TLS_ECDH_ECDSA_WITH_AES_256_CBC_SHA, TLS_ECDHE_RSA_WITH_AES_128_GCM_SHA256, TLS_ECDHE_ECDSA_WITH_AES_128_GCM_SHA256, TLS_ECDHE_RSA_WITH_AES_128_CBC_SHA256, TLS_ECDHE_ECDSA_WITH_AES_128_CBC_SHA256, TLS_ECDHE_RSA_WITH_AES_128_CBC_SHA, TLS_ECDHE_ECDSA_WITH_AES_128_CBC_SHA, TLS_AES_128_GCM_SHA256, TLS_DHE_DSS_WITH_AES_128_GCM_SHA256, TLS_DHE_RSA_WITH_AES_128_GCM_SHA256, TLS_DHE_RSA_WITH_AES_128_CBC_SHA256, TLS_DHE_DSS_WITH_AES_128_CBC_SHA256, TLS_DHE_RSA_WITH_AES_128_CBC_SHA, TLS_DHE_DSS_WITH_AES_128_CBC_SHA, TLS_ECDH_RSA_WITH_AES_128_GCM_SHA256, TLS_ECDH_ECDSA_WITH_AES_128_GCM_SHA256, TLS_ECDH_RSA_WITH_AES_128_CBC_SHA256, TLS_ECDH_ECDSA_WITH_AES_128_CBC_SHA256, TLS_ECDH_RSA_WITH_AES_128_CBC_SHA, TLS_ECDH_ECDSA_WITH_AES_128_CBC_SHA]]
2025-02-21 10:29:43 - Tomcat interprets the [ciphers] attribute in a manner consistent with the latest OpenSSL development branch. Some of the specified [ciphers] are not supported by the configured SSL engine for this connector (which may use JSSE or an older OpenSSL version) and have been skipped: [[TLS_ECDHE_ECDSA_WITH_AES_256_CCM, TLS_DHE_PSK_WITH_AES_256_CCM, TLS_DHE_RSA_WITH_AES_256_CCM, TLS_ECDHE_PSK_WITH_AES_256_CBC_SHA384, TLS_ECDHE_PSK_WITH_AES_256_CBC_SHA, TLS_SRP_SHA_DSS_WITH_AES_256_CBC_SHA, TLS_SRP_SHA_RSA_WITH_AES_256_CBC_SHA, TLS_SRP_SHA_WITH_AES_256_CBC_SHA, TLS_RSA_PSK_WITH_AES_256_CBC_SHA384, TLS_DHE_PSK_WITH_AES_256_CBC_SHA384, TLS_RSA_PSK_WITH_AES_256_GCM_SHA384, TLS_DHE_PSK_WITH_AES_256_GCM_SHA384, TLS_DH_DSS_WITH_AES_256_GCM_SHA384, TLS_DH_RSA_WITH_AES_256_GCM_SHA384, TLS_RSA_PSK_WITH_AES_256_CBC_SHA, TLS_DHE_PSK_WITH_AES_256_CBC_SHA, TLS_DH_RSA_WITH_AES_256_CBC_SHA256, TLS_DH_DSS_WITH_AES_256_CBC_SHA256, TLS_DH_RSA_WITH_AES_256_CBC_SHA, TLS_DH_DSS_WITH_AES_256_CBC_SHA, TLS_ECDHE_RSA_WITH_CAMELLIA_256_CBC_SHA384, TLS_ECDHE_ECDSA_WITH_CAMELLIA_256_CBC_SHA384, TLS_ECDHE_RSA_WITH_ARIA_256_GCM_SHA384, TLS_ECDHE_ECDSA_WITH_ARIA_256_GCM_SHA384, TLS_RSA_PSK_WITH_CHACHA20_POLY1305_SHA256, TLS_DHE_PSK_WITH_CHACHA20_POLY1305_SHA256, TLS_ECDHE_PSK_WITH_CHACHA20_POLY1305_SHA256, TLS_ECDHE_PSK_WITH_CAMELLIA_256_CBC_SHA384, TLS_RSA_PSK_WITH_CAMELLIA_256_CBC_SHA384, TLS_DHE_PSK_WITH_CAMELLIA_256_CBC_SHA384, TLS_RSA_PSK_WITH_ARIA_256_GCM_SHA384, TLS_DHE_PSK_WITH_ARIA_256_GCM_SHA384, TLS_DHE_DSS_WITH_ARIA_256_GCM_SHA384, TLS_DHE_RSA_WITH_ARIA_256_GCM_SHA384, TLS_DHE_RSA_WITH_CAMELLIA_256_CBC_SHA256, TLS_DHE_DSS_WITH_CAMELLIA_256_CBC_SHA256, TLS_DH_RSA_WITH_CAMELLIA_256_CBC_SHA256, TLS_DH_DSS_WITH_CAMELLIA_256_CBC_SHA256, TLS_DHE_RSA_WITH_CAMELLIA_256_CBC_SHA, TLS_DHE_DSS_WITH_CAMELLIA_256_CBC_SHA, TLS_DH_RSA_WITH_CAMELLIA_256_CBC_SHA, TLS_DH_DSS_WITH_CAMELLIA_256_CBC_SHA, TLS_ECDH_RSA_WITH_CAMELLIA_256_CBC_SHA384, TLS_ECDH_ECDSA_WITH_CAMELLIA_256_CBC_SHA384, TLS_PSK_WITH_AES_256_CCM, TLS_PSK_WITH_AES_256_CBC_SHA384, TLS_PSK_WITH_AES_256_GCM_SHA384, TLS_PSK_WITH_AES_256_CBC_SHA, TLS_PSK_WITH_CHACHA20_POLY1305_SHA256, TLS_PSK_WITH_CAMELLIA_256_CBC_SHA384, TLS_PSK_WITH_ARIA_256_GCM_SHA384, TLS_ECDHE_ECDSA_WITH_AES_128_CCM, TLS_DHE_PSK_WITH_AES_128_CCM, TLS_DHE_RSA_WITH_AES_128_CCM, TLS_ECDHE_PSK_WITH_AES_128_CBC_SHA256, TLS_ECDHE_PSK_WITH_AES_128_CBC_SHA, TLS_SRP_SHA_DSS_WITH_AES_128_CBC_SHA, TLS_SRP_SHA_RSA_WITH_AES_128_CBC_SHA, TLS_SRP_SHA_WITH_AES_128_CBC_SHA, TLS_AES_128_CCM_SHA256, TLS_RSA_PSK_WITH_AES_128_CBC_SHA256, TLS_DHE_PSK_WITH_AES_128_CBC_SHA256, TLS_RSA_PSK_WITH_AES_128_GCM_SHA256, TLS_DHE_PSK_WITH_AES_128_GCM_SHA256, TLS_DH_DSS_WITH_AES_128_GCM_SHA256, TLS_DH_RSA_WITH_AES_128_GCM_SHA256, TLS_RSA_PSK_WITH_AES_128_CBC_SHA, TLS_DHE_PSK_WITH_AES_128_CBC_SHA, TLS_DH_RSA_WITH_AES_128_CBC_SHA256, TLS_DH_DSS_WITH_AES_128_CBC_SHA256, TLS_DH_RSA_WITH_AES_128_CBC_SHA, TLS_DH_DSS_WITH_AES_128_CBC_SHA, TLS_ECDHE_RSA_WITH_CAMELLIA_128_CBC_SHA256, TLS_ECDHE_ECDSA_WITH_CAMELLIA_128_CBC_SHA256, TLS_ECDHE_RSA_WITH_ARIA_128_GCM_SHA256, TLS_ECDHE_ECDSA_WITH_ARIA_128_GCM_SHA256, TLS_ECDHE_PSK_WITH_CAMELLIA_128_CBC_SHA256, TLS_RSA_PSK_WITH_CAMELLIA_128_CBC_SHA256, TLS_DHE_PSK_WITH_CAMELLIA_128_CBC_SHA256, TLS_RSA_PSK_WITH_ARIA_128_GCM_SHA256, TLS_DHE_PSK_WITH_ARIA_128_GCM_SHA256, TLS_DHE_DSS_WITH_ARIA_128_GCM_SHA256, TLS_DHE_RSA_WITH_ARIA_128_GCM_SHA256, TLS_DHE_RSA_WITH_CAMELLIA_128_CBC_SHA256, TLS_DHE_DSS_WITH_CAMELLIA_128_CBC_SHA256, TLS_DH_RSA_WITH_CAMELLIA_128_CBC_SHA256, TLS_DH_DSS_WITH_CAMELLIA_128_CBC_SHA256, TLS_DHE_RSA_WITH_CAMELLIA_128_CBC_SHA, TLS_DHE_DSS_WITH_CAMELLIA_128_CBC_SHA, TLS_DH_RSA_WITH_CAMELLIA_128_CBC_SHA, TLS_DH_DSS_WITH_CAMELLIA_128_CBC_SHA, TLS_ECDH_RSA_WITH_CAMELLIA_128_CBC_SHA256, TLS_ECDH_ECDSA_WITH_CAMELLIA_128_CBC_SHA256, TLS_PSK_WITH_AES_128_CCM, TLS_PSK_WITH_AES_128_CBC_SHA256, TLS_PSK_WITH_AES_128_GCM_SHA256, TLS_PSK_WITH_AES_128_CBC_SHA, TLS_PSK_WITH_CAMELLIA_128_CBC_SHA256, TLS_PSK_WITH_ARIA_128_GCM_SHA256]]
2025-02-21 10:29:43 - Connector [https-jsse-nio-40015], TLS virtual host [_default_], certificate type [UNDEFINED] configured from keystore [/Users/Manpreet.Kaur/.keystore] using alias [tomcat] with trust store [null]
2025-02-21 10:29:43 - Certificate details not available as the certificate chain returned from the SSLContext was empty
2025-02-21 10:29:43 - Tomcat started on port 40015 (https) with context path '/'
2025-02-21 10:31:08 - Commencing graceful shutdown. Waiting for active requests to complete
2025-02-21 10:31:08 - Graceful shutdown complete
2025-02-21 10:31:08 - Closing JPA EntityManagerFactory for persistence unit 'default'
2025-02-21 11:25:35 - Bootstrapping Spring Data JPA repositories in DEFAULT mode.
2025-02-21 11:25:35 - Finished Spring Data repository scanning in 27 ms. Found 9 JPA repository interfaces.
2025-02-21 11:25:36 - The Apache Tomcat Native library could not be found using names [tcnative-2, libtcnative-2, tcnative-1, libtcnative-1] on the java.library.path [/Users/Manpreet.Kaur/Library/Java/Extensions:/Library/Java/Extensions:/Network/Library/Java/Extensions:/System/Library/Java/Extensions:/usr/lib/java:.]. The errors reported were [Can't load library: /Users/Manpreet.Kaur/Source/SpringBoot-Project/maka-boca-active-life-ca/active-life/bin/libtcnative-2.dylib, Can't load library: /Users/Manpreet.Kaur/Source/SpringBoot-Project/maka-boca-active-life-ca/active-life/bin/liblibtcnative-2.dylib, Can't load library: /Users/Manpreet.Kaur/Source/SpringBoot-Project/maka-boca-active-life-ca/active-life/bin/libtcnative-1.dylib, Can't load library: /Users/Manpreet.Kaur/Source/SpringBoot-Project/maka-boca-active-life-ca/active-life/bin/liblibtcnative-1.dylib, no tcnative-2 in java.library.path: /Users/Manpreet.Kaur/Library/Java/Extensions:/Library/Java/Extensions:/Network/Library/Java/Extensions:/System/Library/Java/Extensions:/usr/lib/java:., no libtcnative-2 in java.library.path: /Users/Manpreet.Kaur/Library/Java/Extensions:/Library/Java/Extensions:/Network/Library/Java/Extensions:/System/Library/Java/Extensions:/usr/lib/java:., no tcnative-1 in java.library.path: /Users/Manpreet.Kaur/Library/Java/Extensions:/Library/Java/Extensions:/Network/Library/Java/Extensions:/System/Library/Java/Extensions:/usr/lib/java:., no libtcnative-1 in java.library.path: /Users/Manpreet.Kaur/Library/Java/Extensions:/Library/Java/Extensions:/Network/Library/Java/Extensions:/System/Library/Java/Extensions:/usr/lib/java:.]
org.apache.tomcat.jni.LibraryNotFoundError: Can't load library: /Users/Manpreet.Kaur/Source/SpringBoot-Project/maka-boca-active-life-ca/active-life/bin/libtcnative-2.dylib, Can't load library: /Users/Manpreet.Kaur/Source/SpringBoot-Project/maka-boca-active-life-ca/active-life/bin/liblibtcnative-2.dylib, Can't load library: /Users/Manpreet.Kaur/Source/SpringBoot-Project/maka-boca-active-life-ca/active-life/bin/libtcnative-1.dylib, Can't load library: /Users/Manpreet.Kaur/Source/SpringBoot-Project/maka-boca-active-life-ca/active-life/bin/liblibtcnative-1.dylib, no tcnative-2 in java.library.path: /Users/Manpreet.Kaur/Library/Java/Extensions:/Library/Java/Extensions:/Network/Library/Java/Extensions:/System/Library/Java/Extensions:/usr/lib/java:., no libtcnative-2 in java.library.path: /Users/Manpreet.Kaur/Library/Java/Extensions:/Library/Java/Extensions:/Network/Library/Java/Extensions:/System/Library/Java/Extensions:/usr/lib/java:., no tcnative-1 in java.library.path: /Users/Manpreet.Kaur/Library/Java/Extensions:/Library/Java/Extensions:/Network/Library/Java/Extensions:/System/Library/Java/Extensions:/usr/lib/java:., no libtcnative-1 in java.library.path: /Users/Manpreet.Kaur/Library/Java/Extensions:/Library/Java/Extensions:/Network/Library/Java/Extensions:/System/Library/Java/Extensions:/usr/lib/java:.
	at org.apache.tomcat.jni.Library.<init>(Library.java:91)
	at org.apache.tomcat.jni.Library.initialize(Library.java:147)
	at org.apache.catalina.core.AprLifecycleListener.init(AprLifecycleListener.java:211)
	at org.apache.catalina.core.AprLifecycleListener.isAprAvailable(AprLifecycleListener.java:113)
	at org.springframework.boot.web.embedded.tomcat.TomcatServletWebServerFactory.getDefaultServerLifecycleListeners(TomcatServletWebServerFactory.java:191)
	at org.springframework.boot.web.embedded.tomcat.TomcatServletWebServerFactory.<init>(TomcatServletWebServerFactory.java:138)
	at org.springframework.boot.autoconfigure.web.servlet.ServletWebServerFactoryConfiguration$EmbeddedTomcat.tomcatServletWebServerFactory(ServletWebServerFactoryConfiguration.java:73)
	at java.base/jdk.internal.reflect.NativeMethodAccessorImpl.invoke0(Native Method)
	at java.base/jdk.internal.reflect.NativeMethodAccessorImpl.invoke(NativeMethodAccessorImpl.java:77)
	at java.base/jdk.internal.reflect.DelegatingMethodAccessorImpl.invoke(DelegatingMethodAccessorImpl.java:43)
	at java.base/java.lang.reflect.Method.invoke(Method.java:569)
	at org.springframework.beans.factory.support.SimpleInstantiationStrategy.lambda$instantiate$0(SimpleInstantiationStrategy.java:171)
	at org.springframework.beans.factory.support.SimpleInstantiationStrategy.instantiateWithFactoryMethod(SimpleInstantiationStrategy.java:88)
	at org.springframework.beans.factory.support.SimpleInstantiationStrategy.instantiate(SimpleInstantiationStrategy.java:168)
	at org.springframework.beans.factory.support.ConstructorResolver.instantiate(ConstructorResolver.java:653)
	at org.springframework.beans.factory.support.ConstructorResolver.instantiateUsingFactoryMethod(ConstructorResolver.java:645)
	at org.springframework.beans.factory.support.AbstractAutowireCapableBeanFactory.instantiateUsingFactoryMethod(AbstractAutowireCapableBeanFactory.java:1361)
	at org.springframework.beans.factory.support.AbstractAutowireCapableBeanFactory.createBeanInstance(AbstractAutowireCapableBeanFactory.java:1191)
	at org.springframework.beans.factory.support.AbstractAutowireCapableBeanFactory.doCreateBean(AbstractAutowireCapableBeanFactory.java:563)
	at org.springframework.beans.factory.support.AbstractAutowireCapableBeanFactory.createBean(AbstractAutowireCapableBeanFactory.java:523)
	at org.springframework.beans.factory.support.AbstractBeanFactory.lambda$doGetBean$0(AbstractBeanFactory.java:336)
	at org.springframework.beans.factory.support.DefaultSingletonBeanRegistry.getSingleton(DefaultSingletonBeanRegistry.java:307)
	at org.springframework.beans.factory.support.AbstractBeanFactory.doGetBean(AbstractBeanFactory.java:334)
	at org.springframework.beans.factory.support.AbstractBeanFactory.getBean(AbstractBeanFactory.java:204)
	at org.springframework.boot.web.servlet.context.ServletWebServerApplicationContext.getWebServerFactory(ServletWebServerApplicationContext.java:223)
	at org.springframework.boot.web.servlet.context.ServletWebServerApplicationContext.createWebServer(ServletWebServerApplicationContext.java:186)
	at org.springframework.boot.web.servlet.context.ServletWebServerApplicationContext.onRefresh(ServletWebServerApplicationContext.java:162)
	at org.springframework.context.support.AbstractApplicationContext.refresh(AbstractApplicationContext.java:621)
	at org.springframework.boot.web.servlet.context.ServletWebServerApplicationContext.refresh(ServletWebServerApplicationContext.java:146)
	at org.springframework.boot.SpringApplication.refresh(SpringApplication.java:752)
	at org.springframework.boot.SpringApplication.refreshContext(SpringApplication.java:439)
	at org.springframework.boot.SpringApplication.run(SpringApplication.java:318)
	at org.springframework.boot.SpringApplication.run(SpringApplication.java:1361)
	at org.springframework.boot.SpringApplication.run(SpringApplication.java:1350)
	at io.reactivestax.activelife.ActiveLifeApplication.main(ActiveLifeApplication.java:10)
2025-02-21 11:25:36 - Add container child [StandardHost[localhost]] to container [StandardEngine[Tomcat]]
2025-02-21 11:25:36 - Add container child [TomcatEmbeddedContext[]] to container [StandardEngine[Tomcat].StandardHost[localhost]]
2025-02-21 11:25:36 - Tomcat initialized with port 40015 (https)
2025-02-21 11:25:36 - Starting service [Tomcat]
2025-02-21 11:25:36 - Starting Servlet engine: [Apache Tomcat/10.1.34]
2025-02-21 11:25:36 - No manager found. Checking if cluster manager should be used. Cluster configured: [false], Application distributable: [false]
2025-02-21 11:25:36 - Configured a manager of class [org.apache.catalina.session.StandardManager]
2025-02-21 11:25:36 - Initializing Spring embedded WebApplicationContext
2025-02-21 11:25:36 - Root WebApplicationContext: initialization completed in 829 ms
2025-02-21 11:25:36 - Add container child [StandardWrapper[dispatcherServlet]] to container [StandardEngine[Tomcat].StandardHost[localhost].TomcatEmbeddedContext[]]
2025-02-21 11:25:36 - Filter 'webMvcObservationFilter' configured for use
2025-02-21 11:25:36 - No LoadTimeWeaver setup: ignoring JPA class transformer
2025-02-21 11:25:37 - Initialized JPA EntityManagerFactory for persistence unit 'default'
2025-02-21 11:25:37 - spring.jpa.open-in-view is enabled by default. Therefore, database queries may be performed during view rendering. Explicitly configure spring.jpa.open-in-view to disable this warning
2025-02-21 11:25:37 - 27 mappings in 'requestMappingHandlerMapping'
2025-02-21 11:25:37 - Patterns [/webjars/**, /**, /swagger-ui*/*swagger-initializer.js, /swagger-ui*/**] in 'resourceHandlerMapping'
2025-02-21 11:25:37 - ControllerAdvice beans: 0 @ModelAttribute, 0 @InitBinder, 1 RequestBodyAdvice, 1 ResponseBodyAdvice
2025-02-21 11:25:37 - ControllerAdvice beans: 2 @ExceptionHandler, 1 ResponseBodyAdvice
2025-02-21 11:25:38 - Global AuthenticationManager configured with UserDetailsService bean with name inMemoryUserDetailsManager
2025-02-21 11:25:38 - Exposing 1 endpoint beneath base path '/actuator'
2025-02-21 11:25:38 - The [protocols] that are active are : [[TLSv1, TLSv1.3, TLSv1.2, SSLv2Hello, TLSv1.1]]
2025-02-21 11:25:38 - Ciphers used: [TLS_ECDHE_ECDSA_WITH_AES_256_CCM,,TLS_ECDHE_RSA_WITH_AES_256_GCM_SHA384,,TLS_ECDHE_ECDSA_WITH_AES_256_GCM_SHA384,,TLS_ECDHE_RSA_WITH_AES_256_CBC_SHA384,,TLS_ECDHE_ECDSA_WITH_AES_256_CBC_SHA384,,TLS_ECDHE_RSA_WITH_AES_256_CBC_SHA,,TLS_ECDHE_ECDSA_WITH_AES_256_CBC_SHA,,TLS_DHE_PSK_WITH_AES_256_CCM,,TLS_DHE_RSA_WITH_AES_256_CCM,,TLS_ECDHE_PSK_WITH_AES_256_CBC_SHA384,,TLS_ECDHE_PSK_WITH_AES_256_CBC_SHA,,TLS_SRP_SHA_DSS_WITH_AES_256_CBC_SHA,,TLS_SRP_SHA_RSA_WITH_AES_256_CBC_SHA,,TLS_SRP_SHA_WITH_AES_256_CBC_SHA,,TLS_AES_256_GCM_SHA384,,TLS_RSA_PSK_WITH_AES_256_CBC_SHA384,,TLS_DHE_PSK_WITH_AES_256_CBC_SHA384,,TLS_RSA_PSK_WITH_AES_256_GCM_SHA384,,TLS_DHE_PSK_WITH_AES_256_GCM_SHA384,,TLS_DH_DSS_WITH_AES_256_GCM_SHA384,,TLS_DHE_DSS_WITH_AES_256_GCM_SHA384,,TLS_DH_RSA_WITH_AES_256_GCM_SHA384,,TLS_DHE_RSA_WITH_AES_256_GCM_SHA384,,TLS_RSA_PSK_WITH_AES_256_CBC_SHA,,TLS_DHE_PSK_WITH_AES_256_CBC_SHA,,TLS_DHE_RSA_WITH_AES_256_CBC_SHA256,,TLS_DHE_DSS_WITH_AES_256_CBC_SHA256,,TLS_DH_RSA_WITH_AES_256_CBC_SHA256,,TLS_DH_DSS_WITH_AES_256_CBC_SHA256,,TLS_DHE_RSA_WITH_AES_256_CBC_SHA,,TLS_DHE_DSS_WITH_AES_256_CBC_SHA,,TLS_DH_RSA_WITH_AES_256_CBC_SHA,,TLS_DH_DSS_WITH_AES_256_CBC_SHA,,TLS_ECDHE_ECDSA_WITH_CHACHA20_POLY1305_SHA256,,TLS_ECDHE_RSA_WITH_CHACHA20_POLY1305_SHA256,,TLS_ECDHE_RSA_WITH_CAMELLIA_256_CBC_SHA384,,TLS_ECDHE_ECDSA_WITH_CAMELLIA_256_CBC_SHA384,,TLS_ECDHE_RSA_WITH_ARIA_256_GCM_SHA384,,TLS_ECDHE_ECDSA_WITH_ARIA_256_GCM_SHA384,,TLS_RSA_PSK_WITH_CHACHA20_POLY1305_SHA256,,TLS_DHE_PSK_WITH_CHACHA20_POLY1305_SHA256,,TLS_ECDHE_PSK_WITH_CHACHA20_POLY1305_SHA256,,TLS_DHE_RSA_WITH_CHACHA20_POLY1305_SHA256,,TLS_ECDHE_PSK_WITH_CAMELLIA_256_CBC_SHA384,,TLS_RSA_PSK_WITH_CAMELLIA_256_CBC_SHA384,,TLS_DHE_PSK_WITH_CAMELLIA_256_CBC_SHA384,,TLS_RSA_PSK_WITH_ARIA_256_GCM_SHA384,,TLS_DHE_PSK_WITH_ARIA_256_GCM_SHA384,,TLS_DHE_DSS_WITH_ARIA_256_GCM_SHA384,,TLS_DHE_RSA_WITH_ARIA_256_GCM_SHA384,,TLS_CHACHA20_POLY1305_SHA256,,TLS_DHE_RSA_WITH_CAMELLIA_256_CBC_SHA256,,TLS_DHE_DSS_WITH_CAMELLIA_256_CBC_SHA256,,TLS_DH_RSA_WITH_CAMELLIA_256_CBC_SHA256,,TLS_DH_DSS_WITH_CAMELLIA_256_CBC_SHA256,,TLS_DHE_RSA_WITH_CAMELLIA_256_CBC_SHA,,TLS_DHE_DSS_WITH_CAMELLIA_256_CBC_SHA,,TLS_DH_RSA_WITH_CAMELLIA_256_CBC_SHA,,TLS_DH_DSS_WITH_CAMELLIA_256_CBC_SHA,,TLS_ECDH_RSA_WITH_AES_256_GCM_SHA384,,TLS_ECDH_ECDSA_WITH_AES_256_GCM_SHA384,,TLS_ECDH_RSA_WITH_AES_256_CBC_SHA384,,TLS_ECDH_ECDSA_WITH_AES_256_CBC_SHA384,,TLS_ECDH_RSA_WITH_AES_256_CBC_SHA,,TLS_ECDH_ECDSA_WITH_AES_256_CBC_SHA,,TLS_ECDH_RSA_WITH_CAMELLIA_256_CBC_SHA384,,TLS_ECDH_ECDSA_WITH_CAMELLIA_256_CBC_SHA384,,TLS_PSK_WITH_AES_256_CCM,,TLS_PSK_WITH_AES_256_CBC_SHA384,,TLS_PSK_WITH_AES_256_GCM_SHA384,,TLS_PSK_WITH_AES_256_CBC_SHA,,TLS_PSK_WITH_CHACHA20_POLY1305_SHA256,,TLS_PSK_WITH_CAMELLIA_256_CBC_SHA384,,TLS_PSK_WITH_ARIA_256_GCM_SHA384,,TLS_ECDHE_ECDSA_WITH_AES_128_CCM,,TLS_ECDHE_RSA_WITH_AES_128_GCM_SHA256,,TLS_ECDHE_ECDSA_WITH_AES_128_GCM_SHA256,,TLS_ECDHE_RSA_WITH_AES_128_CBC_SHA256,,TLS_ECDHE_ECDSA_WITH_AES_128_CBC_SHA256,,TLS_ECDHE_RSA_WITH_AES_128_CBC_SHA,,TLS_ECDHE_ECDSA_WITH_AES_128_CBC_SHA,,TLS_DHE_PSK_WITH_AES_128_CCM,,TLS_DHE_RSA_WITH_AES_128_CCM,,TLS_ECDHE_PSK_WITH_AES_128_CBC_SHA256,,TLS_ECDHE_PSK_WITH_AES_128_CBC_SHA,,TLS_SRP_SHA_DSS_WITH_AES_128_CBC_SHA,,TLS_SRP_SHA_RSA_WITH_AES_128_CBC_SHA,,TLS_SRP_SHA_WITH_AES_128_CBC_SHA,,TLS_AES_128_CCM_SHA256,,TLS_AES_128_GCM_SHA256,,TLS_RSA_PSK_WITH_AES_128_CBC_SHA256,,TLS_DHE_PSK_WITH_AES_128_CBC_SHA256,,TLS_RSA_PSK_WITH_AES_128_GCM_SHA256,,TLS_DHE_PSK_WITH_AES_128_GCM_SHA256,,TLS_DH_DSS_WITH_AES_128_GCM_SHA256,,TLS_DHE_DSS_WITH_AES_128_GCM_SHA256,,TLS_DH_RSA_WITH_AES_128_GCM_SHA256,,TLS_DHE_RSA_WITH_AES_128_GCM_SHA256,,TLS_RSA_PSK_WITH_AES_128_CBC_SHA,,TLS_DHE_PSK_WITH_AES_128_CBC_SHA,,TLS_DHE_RSA_WITH_AES_128_CBC_SHA256,,TLS_DHE_DSS_WITH_AES_128_CBC_SHA256,,TLS_DH_RSA_WITH_AES_128_CBC_SHA256,,TLS_DH_DSS_WITH_AES_128_CBC_SHA256,,TLS_DHE_RSA_WITH_AES_128_CBC_SHA,,TLS_DHE_DSS_WITH_AES_128_CBC_SHA,,TLS_DH_RSA_WITH_AES_128_CBC_SHA,,TLS_DH_DSS_WITH_AES_128_CBC_SHA,,TLS_ECDHE_RSA_WITH_CAMELLIA_128_CBC_SHA256,,TLS_ECDHE_ECDSA_WITH_CAMELLIA_128_CBC_SHA256,,TLS_ECDHE_RSA_WITH_ARIA_128_GCM_SHA256,,TLS_ECDHE_ECDSA_WITH_ARIA_128_GCM_SHA256,,TLS_ECDHE_PSK_WITH_CAMELLIA_128_CBC_SHA256,,TLS_RSA_PSK_WITH_CAMELLIA_128_CBC_SHA256,,TLS_DHE_PSK_WITH_CAMELLIA_128_CBC_SHA256,,TLS_RSA_PSK_WITH_ARIA_128_GCM_SHA256,,TLS_DHE_PSK_WITH_ARIA_128_GCM_SHA256,,TLS_DHE_DSS_WITH_ARIA_128_GCM_SHA256,,TLS_DHE_RSA_WITH_ARIA_128_GCM_SHA256,,TLS_DHE_RSA_WITH_CAMELLIA_128_CBC_SHA256,,TLS_DHE_DSS_WITH_CAMELLIA_128_CBC_SHA256,,TLS_DH_RSA_WITH_CAMELLIA_128_CBC_SHA256,,TLS_DH_DSS_WITH_CAMELLIA_128_CBC_SHA256,,TLS_DHE_RSA_WITH_CAMELLIA_128_CBC_SHA,,TLS_DHE_DSS_WITH_CAMELLIA_128_CBC_SHA,,TLS_DH_RSA_WITH_CAMELLIA_128_CBC_SHA,,TLS_DH_DSS_WITH_CAMELLIA_128_CBC_SHA,,TLS_ECDH_RSA_WITH_AES_128_GCM_SHA256,,TLS_ECDH_ECDSA_WITH_AES_128_GCM_SHA256,,TLS_ECDH_RSA_WITH_AES_128_CBC_SHA256,,TLS_ECDH_ECDSA_WITH_AES_128_CBC_SHA256,,TLS_ECDH_RSA_WITH_AES_128_CBC_SHA,,TLS_ECDH_ECDSA_WITH_AES_128_CBC_SHA,,TLS_ECDH_RSA_WITH_CAMELLIA_128_CBC_SHA256,,TLS_ECDH_ECDSA_WITH_CAMELLIA_128_CBC_SHA256,,TLS_PSK_WITH_AES_128_CCM,,TLS_PSK_WITH_AES_128_CBC_SHA256,,TLS_PSK_WITH_AES_128_GCM_SHA256,,TLS_PSK_WITH_AES_128_CBC_SHA,,TLS_PSK_WITH_CAMELLIA_128_CBC_SHA256,,TLS_PSK_WITH_ARIA_128_GCM_SHA256,]
2025-02-21 11:25:38 - The [ciphers] that are active are : [[TLS_ECDHE_RSA_WITH_AES_256_GCM_SHA384, TLS_ECDHE_ECDSA_WITH_AES_256_GCM_SHA384, TLS_ECDHE_RSA_WITH_AES_256_CBC_SHA384, TLS_ECDHE_ECDSA_WITH_AES_256_CBC_SHA384, TLS_ECDHE_RSA_WITH_AES_256_CBC_SHA, TLS_ECDHE_ECDSA_WITH_AES_256_CBC_SHA, TLS_AES_256_GCM_SHA384, TLS_DHE_DSS_WITH_AES_256_GCM_SHA384, TLS_DHE_RSA_WITH_AES_256_GCM_SHA384, TLS_DHE_RSA_WITH_AES_256_CBC_SHA256, TLS_DHE_DSS_WITH_AES_256_CBC_SHA256, TLS_DHE_RSA_WITH_AES_256_CBC_SHA, TLS_DHE_DSS_WITH_AES_256_CBC_SHA, TLS_ECDHE_ECDSA_WITH_CHACHA20_POLY1305_SHA256, TLS_ECDHE_RSA_WITH_CHACHA20_POLY1305_SHA256, TLS_DHE_RSA_WITH_CHACHA20_POLY1305_SHA256, TLS_CHACHA20_POLY1305_SHA256, TLS_ECDH_RSA_WITH_AES_256_GCM_SHA384, TLS_ECDH_ECDSA_WITH_AES_256_GCM_SHA384, TLS_ECDH_RSA_WITH_AES_256_CBC_SHA384, TLS_ECDH_ECDSA_WITH_AES_256_CBC_SHA384, TLS_ECDH_RSA_WITH_AES_256_CBC_SHA, TLS_ECDH_ECDSA_WITH_AES_256_CBC_SHA, TLS_ECDHE_RSA_WITH_AES_128_GCM_SHA256, TLS_ECDHE_ECDSA_WITH_AES_128_GCM_SHA256, TLS_ECDHE_RSA_WITH_AES_128_CBC_SHA256, TLS_ECDHE_ECDSA_WITH_AES_128_CBC_SHA256, TLS_ECDHE_RSA_WITH_AES_128_CBC_SHA, TLS_ECDHE_ECDSA_WITH_AES_128_CBC_SHA, TLS_AES_128_GCM_SHA256, TLS_DHE_DSS_WITH_AES_128_GCM_SHA256, TLS_DHE_RSA_WITH_AES_128_GCM_SHA256, TLS_DHE_RSA_WITH_AES_128_CBC_SHA256, TLS_DHE_DSS_WITH_AES_128_CBC_SHA256, TLS_DHE_RSA_WITH_AES_128_CBC_SHA, TLS_DHE_DSS_WITH_AES_128_CBC_SHA, TLS_ECDH_RSA_WITH_AES_128_GCM_SHA256, TLS_ECDH_ECDSA_WITH_AES_128_GCM_SHA256, TLS_ECDH_RSA_WITH_AES_128_CBC_SHA256, TLS_ECDH_ECDSA_WITH_AES_128_CBC_SHA256, TLS_ECDH_RSA_WITH_AES_128_CBC_SHA, TLS_ECDH_ECDSA_WITH_AES_128_CBC_SHA]]
2025-02-21 11:25:38 - Tomcat interprets the [ciphers] attribute in a manner consistent with the latest OpenSSL development branch. Some of the specified [ciphers] are not supported by the configured SSL engine for this connector (which may use JSSE or an older OpenSSL version) and have been skipped: [[TLS_ECDHE_ECDSA_WITH_AES_256_CCM, TLS_DHE_PSK_WITH_AES_256_CCM, TLS_DHE_RSA_WITH_AES_256_CCM, TLS_ECDHE_PSK_WITH_AES_256_CBC_SHA384, TLS_ECDHE_PSK_WITH_AES_256_CBC_SHA, TLS_SRP_SHA_DSS_WITH_AES_256_CBC_SHA, TLS_SRP_SHA_RSA_WITH_AES_256_CBC_SHA, TLS_SRP_SHA_WITH_AES_256_CBC_SHA, TLS_RSA_PSK_WITH_AES_256_CBC_SHA384, TLS_DHE_PSK_WITH_AES_256_CBC_SHA384, TLS_RSA_PSK_WITH_AES_256_GCM_SHA384, TLS_DHE_PSK_WITH_AES_256_GCM_SHA384, TLS_DH_DSS_WITH_AES_256_GCM_SHA384, TLS_DH_RSA_WITH_AES_256_GCM_SHA384, TLS_RSA_PSK_WITH_AES_256_CBC_SHA, TLS_DHE_PSK_WITH_AES_256_CBC_SHA, TLS_DH_RSA_WITH_AES_256_CBC_SHA256, TLS_DH_DSS_WITH_AES_256_CBC_SHA256, TLS_DH_RSA_WITH_AES_256_CBC_SHA, TLS_DH_DSS_WITH_AES_256_CBC_SHA, TLS_ECDHE_RSA_WITH_CAMELLIA_256_CBC_SHA384, TLS_ECDHE_ECDSA_WITH_CAMELLIA_256_CBC_SHA384, TLS_ECDHE_RSA_WITH_ARIA_256_GCM_SHA384, TLS_ECDHE_ECDSA_WITH_ARIA_256_GCM_SHA384, TLS_RSA_PSK_WITH_CHACHA20_POLY1305_SHA256, TLS_DHE_PSK_WITH_CHACHA20_POLY1305_SHA256, TLS_ECDHE_PSK_WITH_CHACHA20_POLY1305_SHA256, TLS_ECDHE_PSK_WITH_CAMELLIA_256_CBC_SHA384, TLS_RSA_PSK_WITH_CAMELLIA_256_CBC_SHA384, TLS_DHE_PSK_WITH_CAMELLIA_256_CBC_SHA384, TLS_RSA_PSK_WITH_ARIA_256_GCM_SHA384, TLS_DHE_PSK_WITH_ARIA_256_GCM_SHA384, TLS_DHE_DSS_WITH_ARIA_256_GCM_SHA384, TLS_DHE_RSA_WITH_ARIA_256_GCM_SHA384, TLS_DHE_RSA_WITH_CAMELLIA_256_CBC_SHA256, TLS_DHE_DSS_WITH_CAMELLIA_256_CBC_SHA256, TLS_DH_RSA_WITH_CAMELLIA_256_CBC_SHA256, TLS_DH_DSS_WITH_CAMELLIA_256_CBC_SHA256, TLS_DHE_RSA_WITH_CAMELLIA_256_CBC_SHA, TLS_DHE_DSS_WITH_CAMELLIA_256_CBC_SHA, TLS_DH_RSA_WITH_CAMELLIA_256_CBC_SHA, TLS_DH_DSS_WITH_CAMELLIA_256_CBC_SHA, TLS_ECDH_RSA_WITH_CAMELLIA_256_CBC_SHA384, TLS_ECDH_ECDSA_WITH_CAMELLIA_256_CBC_SHA384, TLS_PSK_WITH_AES_256_CCM, TLS_PSK_WITH_AES_256_CBC_SHA384, TLS_PSK_WITH_AES_256_GCM_SHA384, TLS_PSK_WITH_AES_256_CBC_SHA, TLS_PSK_WITH_CHACHA20_POLY1305_SHA256, TLS_PSK_WITH_CAMELLIA_256_CBC_SHA384, TLS_PSK_WITH_ARIA_256_GCM_SHA384, TLS_ECDHE_ECDSA_WITH_AES_128_CCM, TLS_DHE_PSK_WITH_AES_128_CCM, TLS_DHE_RSA_WITH_AES_128_CCM, TLS_ECDHE_PSK_WITH_AES_128_CBC_SHA256, TLS_ECDHE_PSK_WITH_AES_128_CBC_SHA, TLS_SRP_SHA_DSS_WITH_AES_128_CBC_SHA, TLS_SRP_SHA_RSA_WITH_AES_128_CBC_SHA, TLS_SRP_SHA_WITH_AES_128_CBC_SHA, TLS_AES_128_CCM_SHA256, TLS_RSA_PSK_WITH_AES_128_CBC_SHA256, TLS_DHE_PSK_WITH_AES_128_CBC_SHA256, TLS_RSA_PSK_WITH_AES_128_GCM_SHA256, TLS_DHE_PSK_WITH_AES_128_GCM_SHA256, TLS_DH_DSS_WITH_AES_128_GCM_SHA256, TLS_DH_RSA_WITH_AES_128_GCM_SHA256, TLS_RSA_PSK_WITH_AES_128_CBC_SHA, TLS_DHE_PSK_WITH_AES_128_CBC_SHA, TLS_DH_RSA_WITH_AES_128_CBC_SHA256, TLS_DH_DSS_WITH_AES_128_CBC_SHA256, TLS_DH_RSA_WITH_AES_128_CBC_SHA, TLS_DH_DSS_WITH_AES_128_CBC_SHA, TLS_ECDHE_RSA_WITH_CAMELLIA_128_CBC_SHA256, TLS_ECDHE_ECDSA_WITH_CAMELLIA_128_CBC_SHA256, TLS_ECDHE_RSA_WITH_ARIA_128_GCM_SHA256, TLS_ECDHE_ECDSA_WITH_ARIA_128_GCM_SHA256, TLS_ECDHE_PSK_WITH_CAMELLIA_128_CBC_SHA256, TLS_RSA_PSK_WITH_CAMELLIA_128_CBC_SHA256, TLS_DHE_PSK_WITH_CAMELLIA_128_CBC_SHA256, TLS_RSA_PSK_WITH_ARIA_128_GCM_SHA256, TLS_DHE_PSK_WITH_ARIA_128_GCM_SHA256, TLS_DHE_DSS_WITH_ARIA_128_GCM_SHA256, TLS_DHE_RSA_WITH_ARIA_128_GCM_SHA256, TLS_DHE_RSA_WITH_CAMELLIA_128_CBC_SHA256, TLS_DHE_DSS_WITH_CAMELLIA_128_CBC_SHA256, TLS_DH_RSA_WITH_CAMELLIA_128_CBC_SHA256, TLS_DH_DSS_WITH_CAMELLIA_128_CBC_SHA256, TLS_DHE_RSA_WITH_CAMELLIA_128_CBC_SHA, TLS_DHE_DSS_WITH_CAMELLIA_128_CBC_SHA, TLS_DH_RSA_WITH_CAMELLIA_128_CBC_SHA, TLS_DH_DSS_WITH_CAMELLIA_128_CBC_SHA, TLS_ECDH_RSA_WITH_CAMELLIA_128_CBC_SHA256, TLS_ECDH_ECDSA_WITH_CAMELLIA_128_CBC_SHA256, TLS_PSK_WITH_AES_128_CCM, TLS_PSK_WITH_AES_128_CBC_SHA256, TLS_PSK_WITH_AES_128_GCM_SHA256, TLS_PSK_WITH_AES_128_CBC_SHA, TLS_PSK_WITH_CAMELLIA_128_CBC_SHA256, TLS_PSK_WITH_ARIA_128_GCM_SHA256]]
2025-02-21 11:25:38 - Connector [https-jsse-nio-40015], TLS virtual host [_default_], certificate type [UNDEFINED] configured from keystore [/Users/Manpreet.Kaur/.keystore] using alias [tomcat] with trust store [null]
2025-02-21 11:25:38 - Certificate details not available as the certificate chain returned from the SSLContext was empty
2025-02-21 11:25:38 - Tomcat started on port 40015 (https) with context path '/'
2025-02-21 11:31:41 - Commencing graceful shutdown. Waiting for active requests to complete
2025-02-21 11:31:41 - Graceful shutdown complete
2025-02-21 11:31:41 - Closing JPA EntityManagerFactory for persistence unit 'default'
