 
2025-02-21 11:41:12 - Commencing graceful shutdown. Waiting for active requests to complete
2025-02-21 11:41:12 - Graceful shutdown complete
2025-02-21 11:41:12 - Closing JPA EntityManagerFactory for persistence unit 'default'
2025-02-21 14:09:45 - Bootstrapping Spring Data JPA repositories in DEFAULT mode.
2025-02-21 14:09:45 - Finished Spring Data repository scanning in 29 ms. Found 9 JPA repository interfaces.
2025-02-21 14:09:45 - The Apache Tomcat Native library could not be found using names [tcnative-2, libtcnative-2, tcnative-1, libtcnative-1] on the java.library.path [/Users/Manpreet.Kaur/Library/Java/Extensions:/Library/Java/Extensions:/Network/Library/Java/Extensions:/System/Library/Java/Extensions:/usr/lib/java:.]. The errors reported were [Can't load library: /Users/Manpreet.Kaur/Source/SpringBoot-Project/maka-boca-active-life-ca/active-life/bin/libtcnative-2.dylib, Can't load library: /Users/Manpreet.Kaur/Source/SpringBoot-Project/maka-boca-active-life-ca/active-life/bin/liblibtcnative-2.dylib, Can't load library: /Users/Manpreet.Kaur/Source/SpringBoot-Project/maka-boca-active-life-ca/active-life/bin/libtcnative-1.dylib, Can't load library: /Users/Manpreet.Kaur/Source/SpringBoot-Project/maka-boca-active-life-ca/active-life/bin/liblibtcnative-1.dylib, no tcnative-2 in java.library.path: /Users/Manpreet.Kaur/Library/Java/Extensions:/Library/Java/Extensions:/Network/Library/Java/Extensions:/System/Library/Java/Extensions:/usr/lib/java:., no libtcnative-2 in java.library.path: /Users/Manpreet.Kaur/Library/Java/Extensions:/Library/Java/Extensions:/Network/Library/Java/Extensions:/System/Library/Java/Extensions:/usr/lib/java:., no tcnative-1 in java.library.path: /Users/Manpreet.Kaur/Library/Java/Extensions:/Library/Java/Extensions:/Network/Library/Java/Extensions:/System/Library/Java/Extensions:/usr/lib/java:., no libtcnative-1 in java.library.path: /Users/Manpreet.Kaur/Library/Java/Extensions:/Library/Java/Extensions:/Network/Library/Java/Extensions:/System/Library/Java/Extensions:/usr/lib/java:.]
org.apache.tomcat.jni.LibraryNotFoundError: Can't load library: /Users/Manpreet.Kaur/Source/SpringBoot-Project/maka-boca-active-life-ca/active-life/bin/libtcnative-2.dylib, Can't load library: /Users/Manpreet.Kaur/Source/SpringBoot-Project/maka-boca-active-life-ca/active-life/bin/liblibtcnative-2.dylib, Can't load library: /Users/Manpreet.Kaur/Source/SpringBoot-Project/maka-boca-active-life-ca/active-life/bin/libtcnative-1.dylib, Can't load library: /Users/Manpreet.Kaur/Source/SpringBoot-Project/maka-boca-active-life-ca/active-life/bin/liblibtcnative-1.dylib, no tcnative-2 in java.library.path: /Users/Manpreet.Kaur/Library/Java/Extensions:/Library/Java/Extensions:/Network/Library/Java/Extensions:/System/Library/Java/Extensions:/usr/lib/java:., no libtcnative-2 in java.library.path: /Users/Manpreet.Kaur/Library/Java/Extensions:/Library/Java/Extensions:/Network/Library/Java/Extensions:/System/Library/Java/Extensions:/usr/lib/java:., no tcnative-1 in java.library.path: /Users/Manpreet.Kaur/Library/Java/Extensions:/Library/Java/Extensions:/Network/Library/Java/Extensions:/System/Library/Java/Extensions:/usr/lib/java:., no libtcnative-1 in java.library.path: /Users/Manpreet.Kaur/Library/Java/Extensions:/Library/Java/Extensions:/Network/Library/Java/Extensions:/System/Library/Java/Extensions:/usr/lib/java:.
	at org.apache.tomcat.jni.Library.<init>(Library.java:91)
	at org.apache.tomcat.jni.Library.initialize(Library.java:147)
	at org.apache.catalina.core.AprLifecycleListener.init(AprLifecycleListener.java:211)
	at org.apache.catalina.core.AprLifecycleListener.isAprAvailable(AprLifecycleListener.java:113)
	at org.springframework.boot.web.embedded.tomcat.TomcatServletWebServerFactory.getDefaultServerLifecycleListeners(TomcatServletWebServerFactory.java:191)
	at org.springframework.boot.web.embedded.tomcat.TomcatServletWebServerFactory.<init>(TomcatServletWebServerFactory.java:138)
	at org.springframework.boot.autoconfigure.web.servlet.ServletWebServerFactoryConfiguration$EmbeddedTomcat.tomcatServletWebServerFactory(ServletWebServerFactoryConfiguration.java:73)
	at java.base/jdk.internal.reflect.NativeMethodAccessorImpl.invoke0(Native Method)
	at java.base/jdk.internal.reflect.NativeMethodAccessorImpl.invoke(NativeMethodAccessorImpl.java:77)
	at java.base/jdk.internal.reflect.DelegatingMethodAccessorImpl.invoke(DelegatingMethodAccessorImpl.java:43)
	at java.base/java.lang.reflect.Method.invoke(Method.java:569)
	at org.springframework.beans.factory.support.SimpleInstantiationStrategy.lambda$instantiate$0(SimpleInstantiationStrategy.java:171)
	at org.springframework.beans.factory.support.SimpleInstantiationStrategy.instantiateWithFactoryMethod(SimpleInstantiationStrategy.java:88)
	at org.springframework.beans.factory.support.SimpleInstantiationStrategy.instantiate(SimpleInstantiationStrategy.java:168)
	at org.springframework.beans.factory.support.ConstructorResolver.instantiate(ConstructorResolver.java:653)
	at org.springframework.beans.factory.support.ConstructorResolver.instantiateUsingFactoryMethod(ConstructorResolver.java:645)
	at org.springframework.beans.factory.support.AbstractAutowireCapableBeanFactory.instantiateUsingFactoryMethod(AbstractAutowireCapableBeanFactory.java:1361)
	at org.springframework.beans.factory.support.AbstractAutowireCapableBeanFactory.createBeanInstance(AbstractAutowireCapableBeanFactory.java:1191)
	at org.springframework.beans.factory.support.AbstractAutowireCapableBeanFactory.doCreateBean(AbstractAutowireCapableBeanFactory.java:563)
	at org.springframework.beans.factory.support.AbstractAutowireCapableBeanFactory.createBean(AbstractAutowireCapableBeanFactory.java:523)
	at org.springframework.beans.factory.support.AbstractBeanFactory.lambda$doGetBean$0(AbstractBeanFactory.java:336)
	at org.springframework.beans.factory.support.DefaultSingletonBeanRegistry.getSingleton(DefaultSingletonBeanRegistry.java:307)
	at org.springframework.beans.factory.support.AbstractBeanFactory.doGetBean(AbstractBeanFactory.java:334)
	at org.springframework.beans.factory.support.AbstractBeanFactory.getBean(AbstractBeanFactory.java:204)
	at org.springframework.boot.web.servlet.context.ServletWebServerApplicationContext.getWebServerFactory(ServletWebServerApplicationContext.java:223)
	at org.springframework.boot.web.servlet.context.ServletWebServerApplicationContext.createWebServer(ServletWebServerApplicationContext.java:186)
	at org.springframework.boot.web.servlet.context.ServletWebServerApplicationContext.onRefresh(ServletWebServerApplicationContext.java:162)
	at org.springframework.context.support.AbstractApplicationContext.refresh(AbstractApplicationContext.java:621)
	at org.springframework.boot.web.servlet.context.ServletWebServerApplicationContext.refresh(ServletWebServerApplicationContext.java:146)
	at org.springframework.boot.SpringApplication.refresh(SpringApplication.java:752)
	at org.springframework.boot.SpringApplication.refreshContext(SpringApplication.java:439)
	at org.springframework.boot.SpringApplication.run(SpringApplication.java:318)
	at org.springframework.boot.SpringApplication.run(SpringApplication.java:1361)
	at org.springframework.boot.SpringApplication.run(SpringApplication.java:1350)
	at io.reactivestax.activelife.ActiveLifeApplication.main(ActiveLifeApplication.java:10)
2025-02-21 14:09:45 - Add container child [StandardHost[localhost]] to container [StandardEngine[Tomcat]]
2025-02-21 14:09:45 - Add container child [TomcatEmbeddedContext[]] to container [StandardEngine[Tomcat].StandardHost[localhost]]
2025-02-21 14:09:45 - Tomcat initialized with port 8082 (https)
2025-02-21 14:09:45 - Starting service [Tomcat]
2025-02-21 14:09:45 - Starting Servlet engine: [Apache Tomcat/10.1.34]
2025-02-21 14:09:45 - No manager found. Checking if cluster manager should be used. Cluster configured: [false], Application distributable: [false]
2025-02-21 14:09:45 - Configured a manager of class [org.apache.catalina.session.StandardManager]
2025-02-21 14:09:45 - Initializing Spring embedded WebApplicationContext
2025-02-21 14:09:45 - Root WebApplicationContext: initialization completed in 732 ms
2025-02-21 14:09:45 - Add container child [StandardWrapper[dispatcherServlet]] to container [StandardEngine[Tomcat].StandardHost[localhost].TomcatEmbeddedContext[]]
2025-02-21 14:09:45 - No LoadTimeWeaver setup: ignoring JPA class transformer
2025-02-21 14:09:46 - Initialized JPA EntityManagerFactory for persistence unit 'default'
2025-02-21 14:09:46 - spring.jpa.open-in-view is enabled by default. Therefore, database queries may be performed during view rendering. Explicitly configure spring.jpa.open-in-view to disable this warning
2025-02-21 14:09:46 - 27 mappings in 'requestMappingHandlerMapping'
2025-02-21 14:09:46 - Patterns [/webjars/**, /**, /swagger-ui*/*swagger-initializer.js, /swagger-ui*/**] in 'resourceHandlerMapping'
2025-02-21 14:09:46 - Exception encountered during context initialization - cancelling refresh attempt: org.springframework.beans.factory.UnsatisfiedDependencyException: Error creating bean with name 'org.springframework.security.config.annotation.web.configuration.WebSecurityConfiguration': Unsatisfied dependency expressed through method 'setFilterChains' parameter 0: Error creating bean with name 'securityFilterChain' defined in class path resource [io/reactivestax/activelife/appconfig/ApplicationSecurityConfig.class]: Unsatisfied dependency expressed through method 'securityFilterChain' parameter 1: Error creating bean with name 'authenticationManager' defined in class path resource [io/reactivestax/activelife/appconfig/ApplicationSecurityConfig.class]: Unsatisfied dependency expressed through method 'authenticationManager' parameter 0: No qualifying bean of type 'org.springframework.security.core.userdetails.UserDetailsService' available: expected at least 1 bean which qualifies as autowire candidate. Dependency annotations: {}
2025-02-21 14:09:46 - Closing JPA EntityManagerFactory for persistence unit 'default'
2025-02-21 14:09:46 - Stopping service [Tomcat]
2025-02-21 14:09:46 - JMX de-registration complete for filter of type [org.springframework.boot.web.servlet.filter.OrderedRequestContextFilter] and name [requestContextFilter]
2025-02-21 14:09:46 - JMX de-registration complete for filter of type [org.apache.tomcat.websocket.server.WsFilter] and name [Tomcat WebSocket (JSR356) Filter]
2025-02-21 14:09:46 - JMX de-registration complete for filter of type [org.springframework.boot.web.servlet.filter.OrderedCharacterEncodingFilter] and name [characterEncodingFilter]
2025-02-21 14:09:46 - JMX de-registration complete for filter of type [org.springframework.boot.web.servlet.DelegatingFilterProxyRegistrationBean$1] and name [springSecurityFilterChain]
2025-02-21 14:09:46 - JMX de-registration complete for filter of type [org.springframework.boot.web.servlet.filter.OrderedFormContentFilter] and name [formContentFilter]
2025-02-21 14:09:46 - 

Error starting ApplicationContext. To display the condition evaluation report re-run your application with 'debug' enabled.
2025-02-21 14:09:46 - 

***************************
APPLICATION FAILED TO START
***************************

Description:

Parameter 0 of method authenticationManager in io.reactivestax.activelife.appconfig.ApplicationSecurityConfig required a bean of type 'org.springframework.security.core.userdetails.UserDetailsService' that could not be found.


Action:

Consider defining a bean of type 'org.springframework.security.core.userdetails.UserDetailsService' in your configuration.

2025-02-21 15:06:18 - Bootstrapping Spring Data JPA repositories in DEFAULT mode.
2025-02-21 15:06:18 - Finished Spring Data repository scanning in 28 ms. Found 9 JPA repository interfaces.
2025-02-21 15:06:19 - Tomcat initialized with port 40015 (https)
2025-02-21 15:06:19 - Root WebApplicationContext: initialization completed in 672 ms
2025-02-21 15:06:19 - No LoadTimeWeaver setup: ignoring JPA class transformer
2025-02-21 15:06:20 - Initialized JPA EntityManagerFactory for persistence unit 'default'
2025-02-21 15:06:20 - spring.jpa.open-in-view is enabled by default. Therefore, database queries may be performed during view rendering. Explicitly configure spring.jpa.open-in-view to disable this warning
2025-02-21 15:06:20 - Global AuthenticationManager configured with UserDetailsService bean with name appUserDetailsServiceImpl
2025-02-21 15:06:20 - 27 mappings in 'requestMappingHandlerMapping'
2025-02-21 15:06:20 - Patterns [/webjars/**, /**, /swagger-ui*/*swagger-initializer.js, /swagger-ui*/**] in 'resourceHandlerMapping'
2025-02-21 15:06:20 - ControllerAdvice beans: 0 @ModelAttribute, 0 @InitBinder, 1 RequestBodyAdvice, 1 ResponseBodyAdvice
2025-02-21 15:06:20 - ControllerAdvice beans: 2 @ExceptionHandler, 1 ResponseBodyAdvice
2025-02-21 15:06:21 - Tomcat started on port 40015 (https) with context path '/'
2025-02-21 15:06:33 - Initializing Servlet 'dispatcherServlet'
2025-02-21 15:06:33 - Detected StandardServletMultipartResolver
2025-02-21 15:06:33 - Detected AcceptHeaderLocaleResolver
2025-02-21 15:06:33 - Detected FixedThemeResolver
2025-02-21 15:06:33 - Detected org.springframework.web.servlet.view.DefaultRequestToViewNameTranslator@3987bfc8
2025-02-21 15:06:33 - Detected org.springframework.web.servlet.support.SessionFlashMapManager@764bf20d
2025-02-21 15:06:33 - enableLoggingRequestDetails='false': request parameters and headers will be masked to prevent unsafe logging of potentially sensitive data
2025-02-21 15:06:33 - Completed initialization in 1 ms
2025-02-21 15:08:43 - Commencing graceful shutdown. Waiting for active requests to complete
2025-02-21 15:08:43 - Graceful shutdown complete
2025-02-21 15:08:43 - Closing JPA EntityManagerFactory for persistence unit 'default'
2025-02-21 15:08:45 - Bootstrapping Spring Data JPA repositories in DEFAULT mode.
2025-02-21 15:08:45 - Finished Spring Data repository scanning in 31 ms. Found 9 JPA repository interfaces.
2025-02-21 15:08:45 - Tomcat initialized with port 40015 (https)
2025-02-21 15:08:45 - Root WebApplicationContext: initialization completed in 695 ms
2025-02-21 15:08:45 - No LoadTimeWeaver setup: ignoring JPA class transformer
2025-02-21 15:08:51 - Initialized JPA EntityManagerFactory for persistence unit 'default'
2025-02-21 15:08:51 - spring.jpa.open-in-view is enabled by default. Therefore, database queries may be performed during view rendering. Explicitly configure spring.jpa.open-in-view to disable this warning
2025-02-21 15:08:51 - Global AuthenticationManager configured with UserDetailsService bean with name appUserDetailsServiceImpl
2025-02-21 15:08:52 - 27 mappings in 'requestMappingHandlerMapping'
2025-02-21 15:08:52 - Patterns [/webjars/**, /**, /swagger-ui*/*swagger-initializer.js, /swagger-ui*/**] in 'resourceHandlerMapping'
2025-02-21 15:08:52 - ControllerAdvice beans: 0 @ModelAttribute, 0 @InitBinder, 1 RequestBodyAdvice, 1 ResponseBodyAdvice
2025-02-21 15:08:52 - ControllerAdvice beans: 2 @ExceptionHandler, 1 ResponseBodyAdvice
2025-02-21 15:08:52 - Tomcat started on port 40015 (https) with context path '/'
2025-02-21 15:08:54 - Initializing Servlet 'dispatcherServlet'
2025-02-21 15:08:54 - Detected StandardServletMultipartResolver
2025-02-21 15:08:54 - Detected AcceptHeaderLocaleResolver
2025-02-21 15:08:54 - Detected FixedThemeResolver
2025-02-21 15:08:54 - Detected org.springframework.web.servlet.view.DefaultRequestToViewNameTranslator@3987bfc8
2025-02-21 15:08:54 - Detected org.springframework.web.servlet.support.SessionFlashMapManager@764bf20d
2025-02-21 15:08:54 - enableLoggingRequestDetails='false': request parameters and headers will be masked to prevent unsafe logging of potentially sensitive data
2025-02-21 15:08:54 - Completed initialization in 1 ms
2025-02-21 15:12:45 - Commencing graceful shutdown. Waiting for active requests to complete
2025-02-21 15:12:45 - Graceful shutdown complete
2025-02-21 15:12:45 - Closing JPA EntityManagerFactory for persistence unit 'default'
